<?xml version="1.0" encoding="UTF-8"?>
<beans xmlns="http://www.springframework.org/schema/beans" xmlns:xsi="http://www.w3.org/2001/XMLSchema-instance" xsi:schemaLocation="
    http://www.springframework.org/schema/beans
    http://www.springframework.org/schema/beans/spring-beans-2.5.xsd">

	<!-- 
	inject the configuration folder of the facility access manager.
	by default, the configuration folder is /opt/knurt/fam/.
	if you like to have a different config file, decomment the constructor-arg line in the bean and set your own config dir as value.
	-->
	<bean id="config" class="de.knurt.fam.connector.FamConfig" factory-method="getInstance">
    <constructor-arg index="0" type="java.lang.String" value="../fam-config/dev/"/>
    <constructor-arg index="1" type="java.lang.Boolean" value="true"/>
	</bean>

	<import resource="./../../../fam-config/dev/config/loader.xml" />
    <import resource="classpath:config/environment.xml" />
    <import resource="classpath:config/daos.xml" />
    <import resource="classpath:config/logging.xml" />
    <import resource="classpath:config/base.xml" />
    <import resource="classpath:config/security.xml" />
    <import resource="classpath:config/statistics.xml" />
    <import resource="classpath:config/calendarLook.xml" />
</beans>
